<?xml version="1.0" encoding="UTF-8"?>
<!-- Generated by org.testng.reporters.JUnitReportReporter -->
<testsuite hostname="DESKTOP-23AUUVO" failures="0" tests="2" name="com.test.testngAnnotations" time="0.021" errors="0" timestamp="2021-11-25T06:03:38 IST" skipped="0">
  <testcase classname="com.test.testngAnnotations" name="test1" time="0.016"/>
  <system-out/>
  <testcase classname="com.test.testngAnnotations" name="test2" time="0.005"/>
  <system-out/>
</testsuite> <!-- com.test.testngAnnotations -->
