<?xml version="1.0" encoding="UTF-8"?>
<!-- Generated by org.testng.reporters.JUnitReportReporter -->
<testsuite hostname="DESKTOP-23AUUVO" failures="0" tests="4" name="com.test.TestNgFeatures" time="0.010" errors="0" timestamp="2021-10-27T20:15:19 IST" skipped="0">
  <testcase classname="com.test.TestNgFeatures" name="SearchPageTest" time="0.001"/>
  <system-out/>
  <testcase classname="com.test.TestNgFeatures" name="homepageTest" time="0.002"/>
  <system-out/>
  <testcase classname="com.test.TestNgFeatures" name="RegistrationpageTest" time="0.001"/>
  <system-out/>
  <testcase classname="com.test.TestNgFeatures" name="loginTest" time="0.006"/>
  <system-out/>
</testsuite> <!-- com.test.TestNgFeatures -->
