<?xml version="1.0" encoding="UTF-8"?>
<!-- Generated by org.testng.reporters.JUnitReportReporter -->
<testsuite hostname="DESKTOP-23AUUVO" failures="0" tests="4" name="com.test.TestNgBasics" time="0.010" errors="0" timestamp="2021-11-13T04:57:18 IST" skipped="0">
  <testcase classname="com.test.TestNgBasics" name="googleTitleTest1" time="0.005"/>
  <system-out/>
  <testcase classname="com.test.TestNgBasics" name="googleTitleTest" time="0.001"/>
  <system-out/>
  <testcase classname="com.test.TestNgBasics" name="googleTitleTest3" time="0.002"/>
  <system-out/>
  <testcase classname="com.test.TestNgBasics" name="googleTitleTest2" time="0.002"/>
  <system-out/>
</testsuite> <!-- com.test.TestNgBasics -->
