<?xml version="1.0" encoding="UTF-8"?>
<!-- Generated by org.testng.reporters.JUnitReportReporter -->
<testsuite hostname="DESKTOP-23AUUVO" failures="0" tests="2" name="com.test.MyTestClass1" time="0.003" errors="0" timestamp="2021-11-25T06:34:03 IST" skipped="0">
  <testcase classname="com.test.MyTestClass1" name="myTestMethod1" time="0.002"/>
  <system-out/>
  <testcase classname="com.test.MyTestClass1" name="myTestMethod2" time="0.001"/>
  <system-out/>
</testsuite> <!-- com.test.MyTestClass1 -->
