<?xml version="1.0" encoding="UTF-8"?>
<!-- Generated by org.testng.reporters.JUnitReportReporter -->
<testsuite hostname="DESKTOP-23AUUVO" failures="0" tests="4" name="DataDriven.DDExcel" time="16.909" errors="0" timestamp="2021-11-14T11:07:47 IST" skipped="0">
  <testcase classname="DataDriven.DDExcel" name="demoProject" time="4.045"/>
  <system-out/>
  <testcase classname="DataDriven.DDExcel" name="demoProject" time="4.017"/>
  <system-out/>
  <testcase classname="DataDriven.DDExcel" name="demoProject" time="5.244"/>
  <system-out/>
  <testcase classname="DataDriven.DDExcel" name="demoProject" time="3.603"/>
  <system-out/>
</testsuite> <!-- DataDriven.DDExcel -->
