<?xml version="1.0" encoding="UTF-8"?>
<!-- Generated by org.testng.reporters.JUnitReportReporter -->
<testsuite hostname="DESKTOP-23AUUVO" failures="0" tests="2" name="com.test.DataProviderDemo" time="14.742" errors="0" timestamp="2021-11-14T09:23:42 IST" skipped="0">
  <testcase classname="com.test.DataProviderDemo" name="Testgoogle" time="7.778"/>
  <system-out/>
  <testcase classname="com.test.DataProviderDemo" name="Testgoogle" time="6.964"/>
  <system-out/>
</testsuite> <!-- com.test.DataProviderDemo -->
