<?xml version="1.0" encoding="UTF-8"?>
<!-- Generated by org.testng.reporters.JUnitReportReporter -->
<testsuite hostname="DESKTOP-23AUUVO" failures="0" tests="4" name="com.test.MyTestClass2" time="0.014" errors="0" timestamp="2021-11-25T06:34:03 IST" skipped="0">
  <testcase classname="com.test.MyTestClass2" name="myTestMethod4" time="0.002"/>
  <system-out/>
  <testcase classname="com.test.MyTestClass2" name="myTestMethod3" time="0.006"/>
  <system-out/>
  <testcase classname="com.test.MyTestClass2" name="myTestMethod3" time="0.003"/>
  <system-out/>
  <testcase classname="com.test.MyTestClass2" name="myTestMethod4" time="0.003"/>
  <system-out/>
</testsuite> <!-- com.test.MyTestClass2 -->
